2025-12-18 16:39:05,577 - __main__ - INFO - JiraCollector initialized successfully
2025-12-18 16:39:05,578 - __main__ - INFO - Fetching issue: ZT-3
2025-12-18 16:41:56,019 - __main__ - INFO - JiraCollector initialized successfully
2025-12-18 16:41:56,020 - __main__ - INFO - Fetching issue: ZT-3
2025-12-18 16:41:56,984 - __main__ - INFO - Saved issue data to data\ZT-3.json
2025-12-18 16:41:56,993 - __main__ - INFO - Extracted 4 acceptance criteria
2025-12-18 16:43:22,087 - __main__ - INFO - JiraCollector initialized successfully
2025-12-18 16:43:22,087 - __main__ - INFO - Fetching issue: ZT-3
2025-12-18 16:43:22,888 - __main__ - INFO - Successfully fetched ZT-3
2025-12-18 16:43:22,898 - __main__ - INFO - Saved issue data to data\ZT-3.json
2025-12-18 16:43:22,898 - __main__ - INFO - Extracted 4 acceptance criteria
2025-12-18 22:58:37,500 - __main__ - INFO - JiraCollector initialized successfully
2025-12-18 22:58:37,501 - __main__ - INFO - Fetching issue: ZT-3
2025-12-18 22:58:38,752 - __main__ - INFO - Successfully fetched ZT-3
2025-12-18 22:58:38,759 - __main__ - INFO - Saved issue data to data\ZT-3.json
2025-12-18 22:58:38,761 - __main__ - INFO - Extracted 4 acceptance criteria
2025-12-18 23:35:02,866 - __main__ - INFO - JiraCollector initialized successfully
2025-12-18 23:35:02,867 - __main__ - INFO - Fetching issue: ZT-4
2025-12-18 23:35:03,820 - __main__ - INFO - Successfully fetched ZT-4
2025-12-18 23:35:03,827 - __main__ - INFO - Saved issue data to data\ZT-4.json
2025-12-18 23:35:03,828 - __main__ - INFO - Extracted 4 acceptance criteria
2025-12-23 19:20:25,489 - __main__ - INFO - JiraCollector initialized successfully
2025-12-23 19:20:25,490 - __main__ - INFO - Fetching issue: ZT-3
2025-12-23 19:20:26,895 - __main__ - INFO - Successfully fetched ZT-3
2025-12-23 19:20:26,898 - __main__ - INFO - Saved issue data to data\ZT-3.json
2025-12-23 19:20:26,899 - __main__ - INFO - Extracted 4 acceptance criteria
